d:\zalo\th_ktlt\2001207104_tuan01\huit_thktlt_week1\debug\vc142.pdb
d:\zalo\th_ktlt\2001207104_tuan01\huit_thktlt_week1\debug\vc142.idb
d:\zalo\th_ktlt\2001207104_tuan01\huit_thktlt_week1\debug\bai6.obj
d:\zalo\th_ktlt\2001207104_tuan01\huit_thktlt_week1\debug\bai5.obj
d:\zalo\th_ktlt\2001207104_tuan01\huit_thktlt_week1\debug\bai7.obj
d:\zalo\th_ktlt\2001207104_tuan01\huit_thktlt_week1\debug\bai8.obj
d:\zalo\th_ktlt\2001207104_tuan01\huit_thktlt_week1\debug\bai9.obj
d:\zalo\th_ktlt\2001207104_tuan01\huit_thktlt_week1\debug\bai10.obj
d:\zalo\th_ktlt\2001207104_tuan01\huit_thktlt_week1\debug\bai11.obj
d:\zalo\th_ktlt\2001207104_tuan01\huit_thktlt_week1\debug\bai12.obj
d:\zalo\th_ktlt\2001207104_tuan01\huit_thktlt_week1\debug\bai13.obj
d:\zalo\th_ktlt\2001207104_tuan01\huit_thktlt_week1\debug\2001207014_buitranminhkha_tuan01.exe
d:\zalo\th_ktlt\2001207104_tuan01\huit_thktlt_week1\debug\2001207014_buitranminhkha_tuan01.ilk
d:\zalo\th_ktlt\2001207104_tuan01\huit_thktlt_week1\debug\2001207014_buitranminhkha_tuan01.pdb
d:\zalo\th_ktlt\2001207104_tuan01\huit_thktlt_week1\debug\20012070.37bf7a10.tlog\cl.command.1.tlog
d:\zalo\th_ktlt\2001207104_tuan01\huit_thktlt_week1\debug\20012070.37bf7a10.tlog\cl.read.1.tlog
d:\zalo\th_ktlt\2001207104_tuan01\huit_thktlt_week1\debug\20012070.37bf7a10.tlog\cl.write.1.tlog
d:\zalo\th_ktlt\2001207104_tuan01\huit_thktlt_week1\debug\20012070.37bf7a10.tlog\link.command.1.tlog
d:\zalo\th_ktlt\2001207104_tuan01\huit_thktlt_week1\debug\20012070.37bf7a10.tlog\link.read.1.tlog
d:\zalo\th_ktlt\2001207104_tuan01\huit_thktlt_week1\debug\20012070.37bf7a10.tlog\link.write.1.tlog
